<?xml version="1.0" encoding="UTF-8"?>
<!-- Generated by org.testng.reporters.JUnitReportReporter -->
<testsuite hostname="abcs-MBP" failures="0" tests="1" name="homeAmazonSecondLevelUsingParameter.HomeAmazonSecondLevelUsingParameter" time="3.234" errors="0" timestamp="31 Oct 2020 00:47:42 GMT" skipped="0">
  <testcase classname="homeAmazonSecondLevelUsingParameter.HomeAmazonSecondLevelUsingParameter" name="testSearchFewItems" time="3.234"/>
</testsuite> <!-- homeAmazonSecondLevelUsingParameter.HomeAmazonSecondLevelUsingParameter -->
