<?xml version="1.0" encoding="UTF-8"?>
<!-- Generated by org.testng.reporters.JUnitReportReporter -->
<testsuite hostname="abcs-MBP" failures="0" tests="1" name="homeAmazonSecondLevelUsingParameter.HomeAmazonSecondLevelUsingParameter" time="3.931" errors="0" timestamp="29 Oct 2020 17:30:22 GMT" skipped="0">
  <testcase classname="homeAmazonSecondLevelUsingParameter.HomeAmazonSecondLevelUsingParameter" name="testSearchFewItems" time="3.931"/>
</testsuite> <!-- homeAmazonSecondLevelUsingParameter.HomeAmazonSecondLevelUsingParameter -->
