<?xml version="1.0" encoding="UTF-8"?>
<!-- Generated by org.testng.reporters.JUnitReportReporter -->
<testsuite hostname="abcs-MBP" failures="0" tests="1" name="homeStapleSecondLevelUsingParameter.HomeStapleSecondLevelUsingParameter" time="4.376" errors="0" timestamp="31 Oct 2020 00:47:47 GMT" skipped="0">
  <testcase classname="homeStapleSecondLevelUsingParameter.HomeStapleSecondLevelUsingParameter" name="testSearchOneItem" time="4.376"/>
</testsuite> <!-- homeStapleSecondLevelUsingParameter.HomeStapleSecondLevelUsingParameter -->
